2025-04-05 15:20:36.686 - INFO 54634 --- [           main] com.example.gateway.GatewayApplication   : Starting GatewayApplication using Java 1.8.0_442 on MacBook-Pro.local with PID 54634 (/Users/LiuZhuangZhuang/cursor-turtor/plan/springCloud/api-gateway/target/classes started by LiuZhuangZhuang in /Users/LiuZhuangZhuang/cursor-turtor/plan/springCloud)
-2025-04-05 15:20:36.688 - INFO 54634 --- [           main] com.example.gateway.GatewayApplication   : No active profile set, falling back to 1 default profile: "default"
-2025-04-05 15:20:37.194 - INFO 54634 --- [           main] o.s.cloud.context.scope.GenericScope     : BeanFactory id=095d25ee-ef0c-3ace-8554-2523477d3d51
-2025-04-05 15:20:37.229 - INFO 54634 --- [           main] trationDelegate$BeanPostProcessorChecker : Bean 'org.springframework.cloud.client.loadbalancer.reactive.LoadBalancerBeanPostProcessorAutoConfiguration' of type [org.springframework.cloud.client.loadbalancer.reactive.LoadBalancerBeanPostProcessorAutoConfiguration] is not eligible for getting processed by all BeanPostProcessors (for example: not eligible for auto-proxying)
-2025-04-05 15:20:37.230 - INFO 54634 --- [           main] trationDelegate$BeanPostProcessorChecker : Bean 'org.springframework.cloud.client.loadbalancer.reactive.LoadBalancerBeanPostProcessorAutoConfiguration$ReactorDeferringLoadBalancerFilterConfig' of type [org.springframework.cloud.client.loadbalancer.reactive.LoadBalancerBeanPostProcessorAutoConfiguration$ReactorDeferringLoadBalancerFilterConfig] is not eligible for getting processed by all BeanPostProcessors (for example: not eligible for auto-proxying)
-2025-04-05 15:20:37.230 - INFO 54634 --- [           main] trationDelegate$BeanPostProcessorChecker : Bean 'reactorDeferringLoadBalancerExchangeFilterFunction' of type [org.springframework.cloud.client.loadbalancer.reactive.DeferringLoadBalancerExchangeFilterFunction] is not eligible for getting processed by all BeanPostProcessors (for example: not eligible for auto-proxying)
-2025-04-05 15:20:37.285 - INFO 54634 --- [           main] com.example.gateway.config.LogConfig     : Log directory already exists: /Users/LiuZhuangZhuang/cursor-turtor/plan/springCloud/logs
-2025-04-05 15:20:37.585 - INFO 54634 --- [           main] o.s.c.g.r.RouteDefinitionRouteLocator    : Loaded RoutePredicateFactory [After]
-2025-04-05 15:20:37.586 - INFO 54634 --- [           main] o.s.c.g.r.RouteDefinitionRouteLocator    : Loaded RoutePredicateFactory [Before]
-2025-04-05 15:20:37.586 - INFO 54634 --- [           main] o.s.c.g.r.RouteDefinitionRouteLocator    : Loaded RoutePredicateFactory [Between]
-2025-04-05 15:20:37.586 - INFO 54634 --- [           main] o.s.c.g.r.RouteDefinitionRouteLocator    : Loaded RoutePredicateFactory [Cookie]
-2025-04-05 15:20:37.586 - INFO 54634 --- [           main] o.s.c.g.r.RouteDefinitionRouteLocator    : Loaded RoutePredicateFactory [Header]
-2025-04-05 15:20:37.586 - INFO 54634 --- [           main] o.s.c.g.r.RouteDefinitionRouteLocator    : Loaded RoutePredicateFactory [Host]
-2025-04-05 15:20:37.586 - INFO 54634 --- [           main] o.s.c.g.r.RouteDefinitionRouteLocator    : Loaded RoutePredicateFactory [Method]
-2025-04-05 15:20:37.586 - INFO 54634 --- [           main] o.s.c.g.r.RouteDefinitionRouteLocator    : Loaded RoutePredicateFactory [Path]
-2025-04-05 15:20:37.586 - INFO 54634 --- [           main] o.s.c.g.r.RouteDefinitionRouteLocator    : Loaded RoutePredicateFactory [Query]
-2025-04-05 15:20:37.586 - INFO 54634 --- [           main] o.s.c.g.r.RouteDefinitionRouteLocator    : Loaded RoutePredicateFactory [ReadBody]
-2025-04-05 15:20:37.586 - INFO 54634 --- [           main] o.s.c.g.r.RouteDefinitionRouteLocator    : Loaded RoutePredicateFactory [RemoteAddr]
-2025-04-05 15:20:37.586 - INFO 54634 --- [           main] o.s.c.g.r.RouteDefinitionRouteLocator    : Loaded RoutePredicateFactory [XForwardedRemoteAddr]
-2025-04-05 15:20:37.586 - INFO 54634 --- [           main] o.s.c.g.r.RouteDefinitionRouteLocator    : Loaded RoutePredicateFactory [Weight]
-2025-04-05 15:20:37.586 - INFO 54634 --- [           main] o.s.c.g.r.RouteDefinitionRouteLocator    : Loaded RoutePredicateFactory [CloudFoundryRouteService]
-2025-04-05 15:20:37.708 - INFO 54634 --- [           main] o.s.b.a.e.web.EndpointLinksResolver      : Exposing 18 endpoint(s) beneath base path '/actuator'
-2025-04-05 15:20:37.791 - INFO 54634 --- [           main] DiscoveryClientOptionalArgsConfiguration : Eureka HTTP Client uses RestTemplate.
-2025-04-05 15:20:37.817 - WARN 54634 --- [           main] iguration$LoadBalancerCaffeineWarnLogger : Spring Cloud LoadBalancer is currently working with the default cache. While this cache implementation is useful for development and tests, it's recommended to use Caffeine cache in production.You can switch to using Caffeine cache, by adding it and org.springframework.cache.caffeine.CaffeineCacheManager to the classpath.
-2025-04-05 15:20:37.858 - INFO 54634 --- [           main] o.s.c.n.eureka.InstanceInfoFactory       : Setting initial instance status as: STARTING
-2025-04-05 15:20:37.875 - INFO 54634 --- [           main] com.netflix.discovery.DiscoveryClient    : Initializing Eureka in region us-east-1
-2025-04-05 15:20:37.877 - INFO 54634 --- [           main] c.n.d.s.r.aws.ConfigClusterResolver      : Resolving eureka endpoints via configuration
-2025-04-05 15:20:37.888 - INFO 54634 --- [           main] com.netflix.discovery.DiscoveryClient    : Disable delta property : false
-2025-04-05 15:20:37.888 - INFO 54634 --- [           main] com.netflix.discovery.DiscoveryClient    : Single vip registry refresh property : null
-2025-04-05 15:20:37.888 - INFO 54634 --- [           main] com.netflix.discovery.DiscoveryClient    : Force full registry fetch : false
-2025-04-05 15:20:37.888 - INFO 54634 --- [           main] com.netflix.discovery.DiscoveryClient    : Application is null : false
-2025-04-05 15:20:37.888 - INFO 54634 --- [           main] com.netflix.discovery.DiscoveryClient    : Registered Applications size is zero : true
-2025-04-05 15:20:37.888 - INFO 54634 --- [           main] com.netflix.discovery.DiscoveryClient    : Application version is -1: true
-2025-04-05 15:20:37.888 - INFO 54634 --- [           main] com.netflix.discovery.DiscoveryClient    : Getting all instance registry info from the eureka server
-2025-04-05 15:20:38.060 - INFO 54634 --- [           main] com.netflix.discovery.DiscoveryClient    : The response status is 200
-2025-04-05 15:20:38.061 - INFO 54634 --- [           main] com.netflix.discovery.DiscoveryClient    : Starting heartbeat executor: renew interval is: 2
-2025-04-05 15:20:38.062 - INFO 54634 --- [           main] c.n.discovery.InstanceInfoReplicator     : InstanceInfoReplicator onDemand update allowed rate per min is 4
-2025-04-05 15:20:38.064 - INFO 54634 --- [           main] com.netflix.discovery.DiscoveryClient    : Discovery Client initialized at timestamp 1743837638064 with initial instances count: 2
-2025-04-05 15:20:38.065 - INFO 54634 --- [           main] o.s.c.n.e.s.EurekaServiceRegistry        : Registering application API-GATEWAY with eureka with status UP
-2025-04-05 15:20:38.065 - INFO 54634 --- [           main] com.netflix.discovery.DiscoveryClient    : Saw local status change event StatusChangeEvent [timestamp=1743837638065, current=UP, previous=STARTING]
-2025-04-05 15:20:38.066 - WARN 54634 --- [           main] c.n.discovery.InstanceInfoReplicator     : Ignoring onDemand update due to rate limiter
-2025-04-05 15:20:38.066 - INFO 54634 --- [nfoReplicator-0] com.netflix.discovery.DiscoveryClient    : DiscoveryClient_API-GATEWAY/192.168.0.102:8080: registering service...
-2025-04-05 15:20:38.090 - INFO 54634 --- [nfoReplicator-0] com.netflix.discovery.DiscoveryClient    : DiscoveryClient_API-GATEWAY/192.168.0.102:8080 - registration status: 204
-2025-04-05 15:20:38.155 - INFO 54634 --- [           main] o.s.b.web.embedded.netty.NettyWebServer  : Netty started on port 8080
-2025-04-05 15:20:38.156 - INFO 54634 --- [           main] .s.c.n.e.s.EurekaAutoServiceRegistration : Updating port to 8080
-2025-04-05 15:20:38.175 - INFO 54634 --- [           main] com.example.gateway.GatewayApplication   : Started GatewayApplication in 1.732 seconds (JVM running for 2.018)
-2025-04-05 15:21:05.824 - INFO 54634 --- [ionShutdownHook] o.s.c.n.e.s.EurekaServiceRegistry        : Unregistering application API-GATEWAY with eureka with status DOWN
-2025-04-05 15:21:05.825 - INFO 54634 --- [ionShutdownHook] com.netflix.discovery.DiscoveryClient    : Saw local status change event StatusChangeEvent [timestamp=1743837665825, current=DOWN, previous=UP]
-2025-04-05 15:21:05.825 - INFO 54634 --- [nfoReplicator-0] com.netflix.discovery.DiscoveryClient    : Saw local status change event StatusChangeEvent [timestamp=1743837665825, current=UP, previous=DOWN]
-2025-04-05 15:21:05.825 - WARN 54634 --- [nfoReplicator-0] c.n.discovery.InstanceInfoReplicator     : Ignoring onDemand update due to rate limiter
-2025-04-05 15:21:05.825 - INFO 54634 --- [nfoReplicator-0] com.netflix.discovery.DiscoveryClient    : DiscoveryClient_API-GATEWAY/192.168.0.102:8080: registering service...
-2025-04-05 15:21:05.827 - INFO 54634 --- [nfoReplicator-0] com.netflix.discovery.DiscoveryClient    : DiscoveryClient_API-GATEWAY/192.168.0.102:8080 - registration status: 204
-2025-04-05 15:21:07.914 - INFO 54634 --- [ionShutdownHook] com.netflix.discovery.DiscoveryClient    : Shutting down DiscoveryClient ...
-2025-04-05 15:21:10.920 - WARN 54634 --- [scoveryClient-1] c.netflix.discovery.TimedSupervisorTask  : task supervisor shutting down, can't accept the task
-2025-04-05 15:21:10.921 - INFO 54634 --- [ionShutdownHook] com.netflix.discovery.DiscoveryClient    : Unregistering ...
-2025-04-05 15:21:10.924 - INFO 54634 --- [ionShutdownHook] com.netflix.discovery.DiscoveryClient    : DiscoveryClient_API-GATEWAY/192.168.0.102:8080 - deregister  status: 200
-2025-04-05 15:21:10.927 - INFO 54634 --- [ionShutdownHook] com.netflix.discovery.DiscoveryClient    : Completed shut down of DiscoveryClient
-2025-04-05 15:21:13.525 - INFO 54685 --- [           main] com.example.gateway.GatewayApplication   : Starting GatewayApplication using Java 1.8.0_442 on MacBook-Pro.local with PID 54685 (/Users/LiuZhuangZhuang/cursor-turtor/plan/springCloud/api-gateway/target/classes started by LiuZhuangZhuang in /Users/LiuZhuangZhuang/cursor-turtor/plan/springCloud)
-2025-04-05 15:21:13.527 - INFO 54685 --- [           main] com.example.gateway.GatewayApplication   : No active profile set, falling back to 1 default profile: "default"
-2025-04-05 15:21:14.031 - INFO 54685 --- [           main] o.s.cloud.context.scope.GenericScope     : BeanFactory id=095d25ee-ef0c-3ace-8554-2523477d3d51
-2025-04-05 15:21:14.069 - INFO 54685 --- [           main] trationDelegate$BeanPostProcessorChecker : Bean 'org.springframework.cloud.client.loadbalancer.reactive.LoadBalancerBeanPostProcessorAutoConfiguration' of type [org.springframework.cloud.client.loadbalancer.reactive.LoadBalancerBeanPostProcessorAutoConfiguration] is not eligible for getting processed by all BeanPostProcessors (for example: not eligible for auto-proxying)
-2025-04-05 15:21:14.069 - INFO 54685 --- [           main] trationDelegate$BeanPostProcessorChecker : Bean 'org.springframework.cloud.client.loadbalancer.reactive.LoadBalancerBeanPostProcessorAutoConfiguration$ReactorDeferringLoadBalancerFilterConfig' of type [org.springframework.cloud.client.loadbalancer.reactive.LoadBalancerBeanPostProcessorAutoConfiguration$ReactorDeferringLoadBalancerFilterConfig] is not eligible for getting processed by all BeanPostProcessors (for example: not eligible for auto-proxying)
-2025-04-05 15:21:14.070 - INFO 54685 --- [           main] trationDelegate$BeanPostProcessorChecker : Bean 'reactorDeferringLoadBalancerExchangeFilterFunction' of type [org.springframework.cloud.client.loadbalancer.reactive.DeferringLoadBalancerExchangeFilterFunction] is not eligible for getting processed by all BeanPostProcessors (for example: not eligible for auto-proxying)
-2025-04-05 15:21:14.124 - INFO 54685 --- [           main] com.example.gateway.config.LogConfig     : Log directory already exists: /Users/LiuZhuangZhuang/cursor-turtor/plan/springCloud/logs
-2025-04-05 15:21:14.421 - INFO 54685 --- [           main] o.s.c.g.r.RouteDefinitionRouteLocator    : Loaded RoutePredicateFactory [After]
-2025-04-05 15:21:14.421 - INFO 54685 --- [           main] o.s.c.g.r.RouteDefinitionRouteLocator    : Loaded RoutePredicateFactory [Before]
-2025-04-05 15:21:14.421 - INFO 54685 --- [           main] o.s.c.g.r.RouteDefinitionRouteLocator    : Loaded RoutePredicateFactory [Between]
-2025-04-05 15:21:14.421 - INFO 54685 --- [           main] o.s.c.g.r.RouteDefinitionRouteLocator    : Loaded RoutePredicateFactory [Cookie]
-2025-04-05 15:21:14.421 - INFO 54685 --- [           main] o.s.c.g.r.RouteDefinitionRouteLocator    : Loaded RoutePredicateFactory [Header]
-2025-04-05 15:21:14.421 - INFO 54685 --- [           main] o.s.c.g.r.RouteDefinitionRouteLocator    : Loaded RoutePredicateFactory [Host]
-2025-04-05 15:21:14.421 - INFO 54685 --- [           main] o.s.c.g.r.RouteDefinitionRouteLocator    : Loaded RoutePredicateFactory [Method]
-2025-04-05 15:21:14.421 - INFO 54685 --- [           main] o.s.c.g.r.RouteDefinitionRouteLocator    : Loaded RoutePredicateFactory [Path]
-2025-04-05 15:21:14.421 - INFO 54685 --- [           main] o.s.c.g.r.RouteDefinitionRouteLocator    : Loaded RoutePredicateFactory [Query]
-2025-04-05 15:21:14.421 - INFO 54685 --- [           main] o.s.c.g.r.RouteDefinitionRouteLocator    : Loaded RoutePredicateFactory [ReadBody]
-2025-04-05 15:21:14.421 - INFO 54685 --- [           main] o.s.c.g.r.RouteDefinitionRouteLocator    : Loaded RoutePredicateFactory [RemoteAddr]
-2025-04-05 15:21:14.421 - INFO 54685 --- [           main] o.s.c.g.r.RouteDefinitionRouteLocator    : Loaded RoutePredicateFactory [XForwardedRemoteAddr]
-2025-04-05 15:21:14.421 - INFO 54685 --- [           main] o.s.c.g.r.RouteDefinitionRouteLocator    : Loaded RoutePredicateFactory [Weight]
-2025-04-05 15:21:14.421 - INFO 54685 --- [           main] o.s.c.g.r.RouteDefinitionRouteLocator    : Loaded RoutePredicateFactory [CloudFoundryRouteService]
-2025-04-05 15:21:14.559 - INFO 54685 --- [           main] o.s.b.a.e.web.EndpointLinksResolver      : Exposing 18 endpoint(s) beneath base path '/actuator'
-2025-04-05 15:21:14.649 - INFO 54685 --- [           main] DiscoveryClientOptionalArgsConfiguration : Eureka HTTP Client uses RestTemplate.
-2025-04-05 15:21:14.675 - WARN 54685 --- [           main] iguration$LoadBalancerCaffeineWarnLogger : Spring Cloud LoadBalancer is currently working with the default cache. While this cache implementation is useful for development and tests, it's recommended to use Caffeine cache in production.You can switch to using Caffeine cache, by adding it and org.springframework.cache.caffeine.CaffeineCacheManager to the classpath.
-2025-04-05 15:21:14.712 - INFO 54685 --- [           main] o.s.c.n.eureka.InstanceInfoFactory       : Setting initial instance status as: STARTING
-2025-04-05 15:21:14.728 - INFO 54685 --- [           main] com.netflix.discovery.DiscoveryClient    : Initializing Eureka in region us-east-1
-2025-04-05 15:21:14.730 - INFO 54685 --- [           main] c.n.d.s.r.aws.ConfigClusterResolver      : Resolving eureka endpoints via configuration
-2025-04-05 15:21:14.739 - INFO 54685 --- [           main] com.netflix.discovery.DiscoveryClient    : Disable delta property : false
-2025-04-05 15:21:14.740 - INFO 54685 --- [           main] com.netflix.discovery.DiscoveryClient    : Single vip registry refresh property : null
-2025-04-05 15:21:14.740 - INFO 54685 --- [           main] com.netflix.discovery.DiscoveryClient    : Force full registry fetch : false
-2025-04-05 15:21:14.740 - INFO 54685 --- [           main] com.netflix.discovery.DiscoveryClient    : Application is null : false
-2025-04-05 15:21:14.740 - INFO 54685 --- [           main] com.netflix.discovery.DiscoveryClient    : Registered Applications size is zero : true
-2025-04-05 15:21:14.740 - INFO 54685 --- [           main] com.netflix.discovery.DiscoveryClient    : Application version is -1: true
-2025-04-05 15:21:14.740 - INFO 54685 --- [           main] com.netflix.discovery.DiscoveryClient    : Getting all instance registry info from the eureka server
-2025-04-05 15:21:14.909 - INFO 54685 --- [           main] com.netflix.discovery.DiscoveryClient    : The response status is 200
-2025-04-05 15:21:14.911 - INFO 54685 --- [           main] com.netflix.discovery.DiscoveryClient    : Starting heartbeat executor: renew interval is: 2
-2025-04-05 15:21:14.919 - INFO 54685 --- [           main] c.n.discovery.InstanceInfoReplicator     : InstanceInfoReplicator onDemand update allowed rate per min is 4
-2025-04-05 15:21:14.922 - INFO 54685 --- [           main] com.netflix.discovery.DiscoveryClient    : Discovery Client initialized at timestamp 1743837674922 with initial instances count: 2
-2025-04-05 15:21:14.923 - INFO 54685 --- [           main] o.s.c.n.e.s.EurekaServiceRegistry        : Registering application API-GATEWAY with eureka with status UP
-2025-04-05 15:21:14.924 - INFO 54685 --- [           main] com.netflix.discovery.DiscoveryClient    : Saw local status change event StatusChangeEvent [timestamp=1743837674924, current=UP, previous=STARTING]
-2025-04-05 15:21:14.924 - INFO 54685 --- [nfoReplicator-0] com.netflix.discovery.DiscoveryClient    : DiscoveryClient_API-GATEWAY/192.168.0.102:8088: registering service...
-2025-04-05 15:21:14.924 - WARN 54685 --- [           main] c.n.discovery.InstanceInfoReplicator     : Ignoring onDemand update due to rate limiter
-2025-04-05 15:21:14.949 - INFO 54685 --- [nfoReplicator-0] com.netflix.discovery.DiscoveryClient    : DiscoveryClient_API-GATEWAY/192.168.0.102:8088 - registration status: 204
-2025-04-05 15:21:15.015 - INFO 54685 --- [           main] o.s.b.web.embedded.netty.NettyWebServer  : Netty started on port 8088
-2025-04-05 15:21:15.015 - INFO 54685 --- [           main] .s.c.n.e.s.EurekaAutoServiceRegistration : Updating port to 8088
-2025-04-05 15:21:15.036 - INFO 54685 --- [           main] com.example.gateway.GatewayApplication   : Started GatewayApplication in 1.751 seconds (JVM running for 2.058)
-2025-04-05 15:21:26.723 - INFO 54685 --- [ctor-http-nio-2] c.e.gateway.filter.GlobalLogFilter       : [Gateway] >>> Request[f00b023d-6eb8-4354-94a9-c7a9167f298a] start: GET /provider/api/hello from 127.0.0.1 at 2025-04-05 15:21:26.722
-2025-04-05 15:21:26.723 -DEBUG 54685 --- [ctor-http-nio-2] c.e.gateway.filter.GlobalLogFilter       : [Gateway] >>> Request[f00b023d-6eb8-4354-94a9-c7a9167f298a] headers: [Accept-Encoding:"gzip, x-gzip, deflate, br", Host:"localhost:8088", Connection:"keep-alive", User-Agent:"Apache-HttpClient/5.3.1 (Java/17.0.12)"]
-2025-04-05 15:21:26.725 -DEBUG 54685 --- [ctor-http-nio-2] c.e.gateway.filter.GlobalLogFilter       : [Gateway] >>> Request[f00b023d-6eb8-4354-94a9-c7a9167f298a] params: {}
-2025-04-05 15:21:26.781 -ERROR 54685 --- [ctor-http-nio-2] i.n.r.d.DnsServerAddressStreamProviders  : Unable to load io.netty.resolver.dns.macos.MacOSDnsServerAddressStreamProvider, fallback to system defaults. This may result in incorrect DNS resolutions on MacOS.
-
java.lang.reflect.InvocationTargetException: null
	at sun.reflect.NativeConstructorAccessorImpl.newInstance0(Native Method) ~[na:1.8.0_442]
	at sun.reflect.NativeConstructorAccessorImpl.newInstance(NativeConstructorAccessorImpl.java:62) ~[na:1.8.0_442]
	at sun.reflect.DelegatingConstructorAccessorImpl.newInstance(DelegatingConstructorAccessorImpl.java:45) ~[na:1.8.0_442]
	at java.lang.reflect.Constructor.newInstance(Constructor.java:423) ~[na:1.8.0_442]
	at io.netty.resolver.dns.DnsServerAddressStreamProviders.<clinit>(DnsServerAddressStreamProviders.java:64) ~[netty-resolver-dns-4.1.77.Final.jar:4.1.77.Final]
	at io.netty.resolver.dns.DnsNameResolverBuilder.<init>(DnsNameResolverBuilder.java:60) [netty-resolver-dns-4.1.77.Final.jar:4.1.77.Final]
	at reactor.netty.transport.NameResolverProvider.newNameResolverGroup(NameResolverProvider.java:479) [reactor-netty-core-1.0.19.jar:1.0.19]
	at reactor.netty.tcp.TcpResources.getOrCreateDefaultResolver(TcpResources.java:315) [reactor-netty-core-1.0.19.jar:1.0.19]
	at reactor.netty.http.HttpResources.getOrCreateDefaultResolver(HttpResources.java:152) [reactor-netty-http-1.0.19.jar:1.0.19]
	at reactor.netty.http.client.HttpClientConfig.defaultAddressResolverGroup(HttpClientConfig.java:383) [reactor-netty-http-1.0.19.jar:1.0.19]
	at reactor.netty.transport.ClientTransportConfig.resolverInternal(ClientTransportConfig.java:224) [reactor-netty-core-1.0.19.jar:1.0.19]
	at reactor.netty.http.client.HttpClientConfig.resolverInternal(HttpClientConfig.java:437) [reactor-netty-http-1.0.19.jar:1.0.19]
	at reactor.netty.http.client.HttpClientConnect$MonoHttpConnect.lambda$subscribe$0(HttpClientConnect.java:265) [reactor-netty-http-1.0.19.jar:1.0.19]
	at reactor.core.publisher.MonoCreate.subscribe(MonoCreate.java:58) ~[reactor-core-3.4.18.jar:3.4.18]
	at reactor.core.publisher.FluxRetryWhen.subscribe(FluxRetryWhen.java:77) ~[reactor-core-3.4.18.jar:3.4.18]
	at reactor.core.publisher.MonoRetryWhen.subscribeOrReturn(MonoRetryWhen.java:46) ~[reactor-core-3.4.18.jar:3.4.18]
	at reactor.core.publisher.InternalMonoOperator.subscribe(InternalMonoOperator.java:57) ~[reactor-core-3.4.18.jar:3.4.18]
	at reactor.netty.http.client.HttpClientConnect$MonoHttpConnect.subscribe(HttpClientConnect.java:272) [reactor-netty-http-1.0.19.jar:1.0.19]
	at reactor.core.publisher.Flux.subscribe(Flux.java:8469) ~[reactor-core-3.4.18.jar:3.4.18]
	at reactor.core.publisher.MonoIgnoreThen$ThenIgnoreMain.subscribeNext(MonoIgnoreThen.java:263) ~[reactor-core-3.4.18.jar:3.4.18]
	at reactor.core.publisher.MonoIgnoreThen.subscribe(MonoIgnoreThen.java:51) ~[reactor-core-3.4.18.jar:3.4.18]
	at reactor.core.publisher.MonoDefer.subscribe(MonoDefer.java:52) ~[reactor-core-3.4.18.jar:3.4.18]
	at reactor.core.publisher.MonoDefer.subscribe(MonoDefer.java:52) ~[reactor-core-3.4.18.jar:3.4.18]
	at reactor.core.publisher.MonoDefer.subscribe(MonoDefer.java:52) ~[reactor-core-3.4.18.jar:3.4.18]
	at reactor.core.publisher.MonoIgnoreThen$ThenIgnoreMain.subscribeNext(MonoIgnoreThen.java:240) ~[reactor-core-3.4.18.jar:3.4.18]
	at reactor.core.publisher.MonoIgnoreThen$ThenIgnoreMain.onComplete(MonoIgnoreThen.java:203) ~[reactor-core-3.4.18.jar:3.4.18]
	at reactor.core.publisher.FluxPeek$PeekSubscriber.onComplete(FluxPeek.java:260) ~[reactor-core-3.4.18.jar:3.4.18]
	at reactor.core.publisher.FluxMap$MapSubscriber.onComplete(FluxMap.java:144) ~[reactor-core-3.4.18.jar:3.4.18]
	at reactor.core.publisher.MonoNext$NextSubscriber.onComplete(MonoNext.java:102) ~[reactor-core-3.4.18.jar:3.4.18]
	at reactor.core.publisher.MonoNext$NextSubscriber.onNext(MonoNext.java:83) ~[reactor-core-3.4.18.jar:3.4.18]
	at reactor.core.publisher.FluxDematerialize$DematerializeSubscriber.onNext(FluxDematerialize.java:98) ~[reactor-core-3.4.18.jar:3.4.18]
	at reactor.core.publisher.FluxDematerialize$DematerializeSubscriber.onNext(FluxDematerialize.java:44) ~[reactor-core-3.4.18.jar:3.4.18]
	at reactor.core.publisher.FluxFlattenIterable$FlattenIterableSubscriber.drainAsync(FluxFlattenIterable.java:421) ~[reactor-core-3.4.18.jar:3.4.18]
	at reactor.core.publisher.FluxFlattenIterable$FlattenIterableSubscriber.drain(FluxFlattenIterable.java:686) ~[reactor-core-3.4.18.jar:3.4.18]
	at reactor.core.publisher.FluxFlattenIterable$FlattenIterableSubscriber.onNext(FluxFlattenIterable.java:250) ~[reactor-core-3.4.18.jar:3.4.18]
	at reactor.core.publisher.FluxSwitchIfEmpty$SwitchIfEmptySubscriber.onNext(FluxSwitchIfEmpty.java:74) ~[reactor-core-3.4.18.jar:3.4.18]
	at reactor.core.publisher.Operators$MonoSubscriber.complete(Operators.java:1816) ~[reactor-core-3.4.18.jar:3.4.18]
	at reactor.core.publisher.MonoFlatMap$FlatMapInner.onNext(MonoFlatMap.java:249) ~[reactor-core-3.4.18.jar:3.4.18]
	at reactor.core.publisher.MonoIgnoreThen$ThenIgnoreMain.complete(MonoIgnoreThen.java:292) ~[reactor-core-3.4.18.jar:3.4.18]
	at reactor.core.publisher.MonoIgnoreThen$ThenIgnoreMain.onNext(MonoIgnoreThen.java:187) ~[reactor-core-3.4.18.jar:3.4.18]
	at reactor.core.publisher.MonoIgnoreThen$ThenIgnoreMain.subscribeNext(MonoIgnoreThen.java:236) ~[reactor-core-3.4.18.jar:3.4.18]
	at reactor.core.publisher.MonoIgnoreThen$ThenIgnoreMain.onComplete(MonoIgnoreThen.java:203) ~[reactor-core-3.4.18.jar:3.4.18]
	at reactor.core.publisher.MonoIgnoreElements$IgnoreElementsSubscriber.onComplete(MonoIgnoreElements.java:89) ~[reactor-core-3.4.18.jar:3.4.18]
	at reactor.core.publisher.FluxPeek$PeekSubscriber.onComplete(FluxPeek.java:260) ~[reactor-core-3.4.18.jar:3.4.18]
	at reactor.core.publisher.FluxDematerialize$DematerializeSubscriber.onComplete(FluxDematerialize.java:121) ~[reactor-core-3.4.18.jar:3.4.18]
	at reactor.core.publisher.FluxDematerialize$DematerializeSubscriber.onNext(FluxDematerialize.java:91) ~[reactor-core-3.4.18.jar:3.4.18]
	at reactor.core.publisher.FluxDematerialize$DematerializeSubscriber.onNext(FluxDematerialize.java:44) ~[reactor-core-3.4.18.jar:3.4.18]
	at reactor.core.publisher.FluxIterable$IterableSubscription.fastPath(FluxIterable.java:340) ~[reactor-core-3.4.18.jar:3.4.18]
	at reactor.core.publisher.FluxIterable$IterableSubscription.request(FluxIterable.java:227) ~[reactor-core-3.4.18.jar:3.4.18]
	at reactor.core.publisher.FluxDematerialize$DematerializeSubscriber.request(FluxDematerialize.java:127) ~[reactor-core-3.4.18.jar:3.4.18]
	at reactor.core.publisher.FluxPeek$PeekSubscriber.request(FluxPeek.java:138) ~[reactor-core-3.4.18.jar:3.4.18]
	at reactor.core.publisher.MonoIgnoreElements$IgnoreElementsSubscriber.onSubscribe(MonoIgnoreElements.java:72) ~[reactor-core-3.4.18.jar:3.4.18]
	at reactor.core.publisher.FluxPeek$PeekSubscriber.onSubscribe(FluxPeek.java:171) ~[reactor-core-3.4.18.jar:3.4.18]
	at reactor.core.publisher.FluxDematerialize$DematerializeSubscriber.onSubscribe(FluxDematerialize.java:77) ~[reactor-core-3.4.18.jar:3.4.18]
	at reactor.core.publisher.FluxIterable.subscribe(FluxIterable.java:165) ~[reactor-core-3.4.18.jar:3.4.18]
	at reactor.core.publisher.FluxIterable.subscribe(FluxIterable.java:87) ~[reactor-core-3.4.18.jar:3.4.18]
	at reactor.core.publisher.Mono.subscribe(Mono.java:4400) ~[reactor-core-3.4.18.jar:3.4.18]
	at reactor.core.publisher.MonoIgnoreThen$ThenIgnoreMain.subscribeNext(MonoIgnoreThen.java:263) ~[reactor-core-3.4.18.jar:3.4.18]
	at reactor.core.publisher.MonoIgnoreThen.subscribe(MonoIgnoreThen.java:51) ~[reactor-core-3.4.18.jar:3.4.18]
	at reactor.core.publisher.MonoFlatMap$FlatMapMain.onNext(MonoFlatMap.java:157) ~[reactor-core-3.4.18.jar:3.4.18]
	at reactor.core.publisher.Operators$MonoSubscriber.complete(Operators.java:1816) ~[reactor-core-3.4.18.jar:3.4.18]
	at reactor.core.publisher.MonoCollectList$MonoCollectListSubscriber.onComplete(MonoCollectList.java:128) ~[reactor-core-3.4.18.jar:3.4.18]
	at reactor.core.publisher.DrainUtils.postCompleteDrain(DrainUtils.java:132) ~[reactor-core-3.4.18.jar:3.4.18]
	at reactor.core.publisher.DrainUtils.postComplete(DrainUtils.java:187) ~[reactor-core-3.4.18.jar:3.4.18]
	at reactor.core.publisher.FluxMaterialize$MaterializeSubscriber.onComplete(FluxMaterialize.java:141) ~[reactor-core-3.4.18.jar:3.4.18]
	at reactor.core.publisher.FluxTake$TakeSubscriber.onComplete(FluxTake.java:153) ~[reactor-core-3.4.18.jar:3.4.18]
	at reactor.core.publisher.FluxTake$TakeSubscriber.onNext(FluxTake.java:133) ~[reactor-core-3.4.18.jar:3.4.18]
	at reactor.core.publisher.FluxOnErrorResume$ResumeSubscriber.onNext(FluxOnErrorResume.java:79) ~[reactor-core-3.4.18.jar:3.4.18]
	at reactor.core.publisher.SerializedSubscriber.onNext(SerializedSubscriber.java:99) ~[reactor-core-3.4.18.jar:3.4.18]
	at reactor.core.publisher.FluxTimeout$TimeoutMainSubscriber.onNext(FluxTimeout.java:180) ~[reactor-core-3.4.18.jar:3.4.18]
	at reactor.core.publisher.Operators$MonoSubscriber.complete(Operators.java:1816) ~[reactor-core-3.4.18.jar:3.4.18]
	at reactor.core.publisher.MonoCollectList$MonoCollectListSubscriber.onComplete(MonoCollectList.java:128) ~[reactor-core-3.4.18.jar:3.4.18]
	at org.springframework.cloud.commons.publisher.FluxFirstNonEmptyEmitting$FirstNonEmptyEmittingSubscriber.onComplete(FluxFirstNonEmptyEmitting.java:325) ~[spring-cloud-commons-3.1.3.jar:3.1.3]
	at reactor.core.publisher.FluxMap$MapSubscriber.onComplete(FluxMap.java:144) ~[reactor-core-3.4.18.jar:3.4.18]
	at reactor.core.publisher.FluxIterable$IterableSubscription.fastPath(FluxIterable.java:362) ~[reactor-core-3.4.18.jar:3.4.18]
	at reactor.core.publisher.FluxIterable$IterableSubscription.request(FluxIterable.java:227) ~[reactor-core-3.4.18.jar:3.4.18]
	at reactor.core.publisher.FluxMap$MapSubscriber.request(FluxMap.java:164) ~[reactor-core-3.4.18.jar:3.4.18]
	at reactor.core.publisher.Operators$DeferredSubscription.set(Operators.java:1717) ~[reactor-core-3.4.18.jar:3.4.18]
	at org.springframework.cloud.commons.publisher.FluxFirstNonEmptyEmitting$FirstNonEmptyEmittingSubscriber.onSubscribe(FluxFirstNonEmptyEmitting.java:297) ~[spring-cloud-commons-3.1.3.jar:3.1.3]
	at reactor.core.publisher.FluxMap$MapSubscriber.onSubscribe(FluxMap.java:92) ~[reactor-core-3.4.18.jar:3.4.18]
	at reactor.core.publisher.FluxIterable.subscribe(FluxIterable.java:165) ~[reactor-core-3.4.18.jar:3.4.18]
	at reactor.core.publisher.FluxIterable.subscribe(FluxIterable.java:87) ~[reactor-core-3.4.18.jar:3.4.18]
	at reactor.core.publisher.FluxDefer.subscribe(FluxDefer.java:54) ~[reactor-core-3.4.18.jar:3.4.18]
	at reactor.core.publisher.Flux.subscribe(Flux.java:8469) ~[reactor-core-3.4.18.jar:3.4.18]
	at org.springframework.cloud.commons.publisher.FluxFirstNonEmptyEmitting$RaceCoordinator.subscribe(FluxFirstNonEmptyEmitting.java:203) ~[spring-cloud-commons-3.1.3.jar:3.1.3]
	at org.springframework.cloud.commons.publisher.FluxFirstNonEmptyEmitting.subscribe(FluxFirstNonEmptyEmitting.java:128) ~[spring-cloud-commons-3.1.3.jar:3.1.3]
	at reactor.core.publisher.InternalFluxOperator.subscribe(InternalFluxOperator.java:62) ~[reactor-core-3.4.18.jar:3.4.18]
	at reactor.core.publisher.FluxDefer.subscribe(FluxDefer.java:54) ~[reactor-core-3.4.18.jar:3.4.18]
	at reactor.core.publisher.InternalFluxOperator.subscribe(InternalFluxOperator.java:62) ~[reactor-core-3.4.18.jar:3.4.18]
	at reactor.core.publisher.FluxDefer.subscribe(FluxDefer.java:54) ~[reactor-core-3.4.18.jar:3.4.18]
	at reactor.core.publisher.Mono.subscribe(Mono.java:4400) ~[reactor-core-3.4.18.jar:3.4.18]
	at reactor.core.publisher.FluxSwitchIfEmpty$SwitchIfEmptySubscriber.onComplete(FluxSwitchIfEmpty.java:82) ~[reactor-core-3.4.18.jar:3.4.18]
	at reactor.core.publisher.Operators.complete(Operators.java:137) ~[reactor-core-3.4.18.jar:3.4.18]
	at reactor.core.publisher.MonoEmpty.subscribe(MonoEmpty.java:46) ~[reactor-core-3.4.18.jar:3.4.18]
	at reactor.core.publisher.InternalFluxOperator.subscribe(InternalFluxOperator.java:62) ~[reactor-core-3.4.18.jar:3.4.18]
	at reactor.core.publisher.FluxDefer.subscribe(FluxDefer.java:54) ~[reactor-core-3.4.18.jar:3.4.18]
	at reactor.core.publisher.Mono.subscribe(Mono.java:4400) ~[reactor-core-3.4.18.jar:3.4.18]
	at reactor.core.publisher.MonoIgnoreThen$ThenIgnoreMain.subscribeNext(MonoIgnoreThen.java:263) ~[reactor-core-3.4.18.jar:3.4.18]
	at reactor.core.publisher.MonoIgnoreThen.subscribe(MonoIgnoreThen.java:51) ~[reactor-core-3.4.18.jar:3.4.18]
	at reactor.core.publisher.InternalMonoOperator.subscribe(InternalMonoOperator.java:64) ~[reactor-core-3.4.18.jar:3.4.18]
	at reactor.core.publisher.MonoDefer.subscribe(MonoDefer.java:52) ~[reactor-core-3.4.18.jar:3.4.18]
	at reactor.core.publisher.MonoDefer.subscribe(MonoDefer.java:52) ~[reactor-core-3.4.18.jar:3.4.18]
	at reactor.core.publisher.MonoDefer.subscribe(MonoDefer.java:52) ~[reactor-core-3.4.18.jar:3.4.18]
	at reactor.core.publisher.InternalMonoOperator.subscribe(InternalMonoOperator.java:64) ~[reactor-core-3.4.18.jar:3.4.18]
	at reactor.core.publisher.MonoDefer.subscribe(MonoDefer.java:52) ~[reactor-core-3.4.18.jar:3.4.18]
	at reactor.core.publisher.MonoDefer.subscribe(MonoDefer.java:52) ~[reactor-core-3.4.18.jar:3.4.18]
	at reactor.core.publisher.Mono.subscribe(Mono.java:4400) ~[reactor-core-3.4.18.jar:3.4.18]
	at reactor.core.publisher.MonoIgnoreThen$ThenIgnoreMain.subscribeNext(MonoIgnoreThen.java:263) ~[reactor-core-3.4.18.jar:3.4.18]
	at reactor.core.publisher.MonoIgnoreThen.subscribe(MonoIgnoreThen.java:51) ~[reactor-core-3.4.18.jar:3.4.18]
	at reactor.core.publisher.InternalMonoOperator.subscribe(InternalMonoOperator.java:64) ~[reactor-core-3.4.18.jar:3.4.18]
	at reactor.core.publisher.MonoDefer.subscribe(MonoDefer.java:52) ~[reactor-core-3.4.18.jar:3.4.18]
	at reactor.core.publisher.MonoDefer.subscribe(MonoDefer.java:52) ~[reactor-core-3.4.18.jar:3.4.18]
	at reactor.core.publisher.InternalMonoOperator.subscribe(InternalMonoOperator.java:64) ~[reactor-core-3.4.18.jar:3.4.18]
	at reactor.core.publisher.MonoDefer.subscribe(MonoDefer.java:52) ~[reactor-core-3.4.18.jar:3.4.18]
	at reactor.core.publisher.Mono.subscribe(Mono.java:4400) ~[reactor-core-3.4.18.jar:3.4.18]
	at reactor.core.publisher.MonoIgnoreThen$ThenIgnoreMain.subscribeNext(MonoIgnoreThen.java:263) ~[reactor-core-3.4.18.jar:3.4.18]
	at reactor.core.publisher.MonoIgnoreThen.subscribe(MonoIgnoreThen.java:51) ~[reactor-core-3.4.18.jar:3.4.18]
	at reactor.core.publisher.MonoDefer.subscribe(MonoDefer.java:52) ~[reactor-core-3.4.18.jar:3.4.18]
	at reactor.core.publisher.Mono.subscribe(Mono.java:4400) ~[reactor-core-3.4.18.jar:3.4.18]
	at reactor.core.publisher.MonoIgnoreThen$ThenIgnoreMain.subscribeNext(MonoIgnoreThen.java:263) ~[reactor-core-3.4.18.jar:3.4.18]
	at reactor.core.publisher.MonoIgnoreThen.subscribe(MonoIgnoreThen.java:51) ~[reactor-core-3.4.18.jar:3.4.18]
	at reactor.core.publisher.MonoFlatMap$FlatMapMain.onNext(MonoFlatMap.java:157) ~[reactor-core-3.4.18.jar:3.4.18]
	at reactor.core.publisher.FluxSwitchIfEmpty$SwitchIfEmptySubscriber.onNext(FluxSwitchIfEmpty.java:74) ~[reactor-core-3.4.18.jar:3.4.18]
	at reactor.core.publisher.MonoNext$NextSubscriber.onNext(MonoNext.java:82) ~[reactor-core-3.4.18.jar:3.4.18]
	at reactor.core.publisher.FluxConcatMap$ConcatMapImmediate.innerNext(FluxConcatMap.java:282) ~[reactor-core-3.4.18.jar:3.4.18]
	at reactor.core.publisher.FluxConcatMap$ConcatMapInner.onNext(FluxConcatMap.java:863) ~[reactor-core-3.4.18.jar:3.4.18]
	at reactor.core.publisher.FluxMap$MapSubscriber.onNext(FluxMap.java:122) ~[reactor-core-3.4.18.jar:3.4.18]
	at reactor.core.publisher.FluxSwitchIfEmpty$SwitchIfEmptySubscriber.onNext(FluxSwitchIfEmpty.java:74) ~[reactor-core-3.4.18.jar:3.4.18]
	at reactor.core.publisher.Operators$MonoSubscriber.complete(Operators.java:1816) ~[reactor-core-3.4.18.jar:3.4.18]
	at reactor.core.publisher.MonoFlatMap$FlatMapMain.onNext(MonoFlatMap.java:151) ~[reactor-core-3.4.18.jar:3.4.18]
	at reactor.core.publisher.FluxMap$MapSubscriber.onNext(FluxMap.java:122) ~[reactor-core-3.4.18.jar:3.4.18]
	at reactor.core.publisher.MonoNext$NextSubscriber.onNext(MonoNext.java:82) ~[reactor-core-3.4.18.jar:3.4.18]
	at reactor.core.publisher.FluxConcatMap$ConcatMapImmediate.innerNext(FluxConcatMap.java:282) ~[reactor-core-3.4.18.jar:3.4.18]
	at reactor.core.publisher.FluxConcatMap$ConcatMapInner.onNext(FluxConcatMap.java:863) ~[reactor-core-3.4.18.jar:3.4.18]
	at reactor.core.publisher.FluxOnErrorResume$ResumeSubscriber.onNext(FluxOnErrorResume.java:79) ~[reactor-core-3.4.18.jar:3.4.18]
	at reactor.core.publisher.MonoPeekTerminal$MonoTerminalPeekSubscriber.onNext(MonoPeekTerminal.java:180) ~[reactor-core-3.4.18.jar:3.4.18]
	at reactor.core.publisher.Operators$MonoSubscriber.complete(Operators.java:1816) ~[reactor-core-3.4.18.jar:3.4.18]
	at reactor.core.publisher.MonoFilterWhen$MonoFilterWhenMain.onNext(MonoFilterWhen.java:149) ~[reactor-core-3.4.18.jar:3.4.18]
	at reactor.core.publisher.Operators$ScalarSubscription.request(Operators.java:2398) ~[reactor-core-3.4.18.jar:3.4.18]
	at reactor.core.publisher.MonoFilterWhen$MonoFilterWhenMain.onSubscribe(MonoFilterWhen.java:112) ~[reactor-core-3.4.18.jar:3.4.18]
	at reactor.core.publisher.MonoJust.subscribe(MonoJust.java:55) ~[reactor-core-3.4.18.jar:3.4.18]
	at reactor.core.publisher.Mono.subscribe(Mono.java:4400) ~[reactor-core-3.4.18.jar:3.4.18]
	at reactor.core.publisher.FluxConcatMap$ConcatMapImmediate.drain(FluxConcatMap.java:451) ~[reactor-core-3.4.18.jar:3.4.18]
	at reactor.core.publisher.FluxConcatMap$ConcatMapImmediate.onNext(FluxConcatMap.java:251) ~[reactor-core-3.4.18.jar:3.4.18]
	at reactor.core.publisher.FluxDematerialize$DematerializeSubscriber.onNext(FluxDematerialize.java:98) ~[reactor-core-3.4.18.jar:3.4.18]
	at reactor.core.publisher.FluxDematerialize$DematerializeSubscriber.onNext(FluxDematerialize.java:44) ~[reactor-core-3.4.18.jar:3.4.18]
	at reactor.core.publisher.FluxIterable$IterableSubscription.slowPath(FluxIterable.java:272) ~[reactor-core-3.4.18.jar:3.4.18]
	at reactor.core.publisher.FluxIterable$IterableSubscription.request(FluxIterable.java:230) ~[reactor-core-3.4.18.jar:3.4.18]
	at reactor.core.publisher.FluxDematerialize$DematerializeSubscriber.request(FluxDematerialize.java:127) ~[reactor-core-3.4.18.jar:3.4.18]
	at reactor.core.publisher.FluxConcatMap$ConcatMapImmediate.onSubscribe(FluxConcatMap.java:236) ~[reactor-core-3.4.18.jar:3.4.18]
	at reactor.core.publisher.FluxDematerialize$DematerializeSubscriber.onSubscribe(FluxDematerialize.java:77) ~[reactor-core-3.4.18.jar:3.4.18]
	at reactor.core.publisher.FluxIterable.subscribe(FluxIterable.java:165) ~[reactor-core-3.4.18.jar:3.4.18]
	at reactor.core.publisher.FluxIterable.subscribe(FluxIterable.java:87) ~[reactor-core-3.4.18.jar:3.4.18]
	at reactor.core.publisher.InternalFluxOperator.subscribe(InternalFluxOperator.java:62) ~[reactor-core-3.4.18.jar:3.4.18]
	at reactor.core.publisher.FluxDefer.subscribe(FluxDefer.java:54) ~[reactor-core-3.4.18.jar:3.4.18]
	at reactor.core.publisher.Mono.subscribe(Mono.java:4400) ~[reactor-core-3.4.18.jar:3.4.18]
	at reactor.core.publisher.FluxConcatMap$ConcatMapImmediate.drain(FluxConcatMap.java:451) ~[reactor-core-3.4.18.jar:3.4.18]
	at reactor.core.publisher.FluxConcatMap$ConcatMapImmediate.onSubscribe(FluxConcatMap.java:219) ~[reactor-core-3.4.18.jar:3.4.18]
	at reactor.core.publisher.FluxIterable.subscribe(FluxIterable.java:165) ~[reactor-core-3.4.18.jar:3.4.18]
	at reactor.core.publisher.FluxIterable.subscribe(FluxIterable.java:87) ~[reactor-core-3.4.18.jar:3.4.18]
	at reactor.core.publisher.InternalMonoOperator.subscribe(InternalMonoOperator.java:64) ~[reactor-core-3.4.18.jar:3.4.18]
	at reactor.core.publisher.MonoDefer.subscribe(MonoDefer.java:52) ~[reactor-core-3.4.18.jar:3.4.18]
	at reactor.core.publisher.InternalMonoOperator.subscribe(InternalMonoOperator.java:64) ~[reactor-core-3.4.18.jar:3.4.18]
	at reactor.core.publisher.MonoDefer.subscribe(MonoDefer.java:52) ~[reactor-core-3.4.18.jar:3.4.18]
	at reactor.core.publisher.InternalMonoOperator.subscribe(InternalMonoOperator.java:64) ~[reactor-core-3.4.18.jar:3.4.18]
	at reactor.core.publisher.MonoDefer.subscribe(MonoDefer.java:52) ~[reactor-core-3.4.18.jar:3.4.18]
	at reactor.core.publisher.InternalMonoOperator.subscribe(InternalMonoOperator.java:64) ~[reactor-core-3.4.18.jar:3.4.18]
	at reactor.core.publisher.MonoDefer.subscribe(MonoDefer.java:52) ~[reactor-core-3.4.18.jar:3.4.18]
	at reactor.core.publisher.Mono.subscribe(Mono.java:4400) ~[reactor-core-3.4.18.jar:3.4.18]
	at reactor.core.publisher.MonoIgnoreThen$ThenIgnoreMain.subscribeNext(MonoIgnoreThen.java:263) ~[reactor-core-3.4.18.jar:3.4.18]
	at reactor.core.publisher.MonoIgnoreThen.subscribe(MonoIgnoreThen.java:51) ~[reactor-core-3.4.18.jar:3.4.18]
	at reactor.core.publisher.InternalMonoOperator.subscribe(InternalMonoOperator.java:64) ~[reactor-core-3.4.18.jar:3.4.18]
	at reactor.core.publisher.MonoDeferContextual.subscribe(MonoDeferContextual.java:55) ~[reactor-core-3.4.18.jar:3.4.18]
	at reactor.netty.http.server.HttpServer$HttpServerHandle.onStateChange(HttpServer.java:967) ~[reactor-netty-http-1.0.19.jar:1.0.19]
	at reactor.netty.ReactorNetty$CompositeConnectionObserver.onStateChange(ReactorNetty.java:677) ~[reactor-netty-core-1.0.19.jar:1.0.19]
	at reactor.netty.transport.ServerTransport$ChildObserver.onStateChange(ServerTransport.java:478) ~[reactor-netty-core-1.0.19.jar:1.0.19]
	at reactor.netty.http.server.HttpServerOperations.onInboundNext(HttpServerOperations.java:570) ~[reactor-netty-http-1.0.19.jar:1.0.19]
	at reactor.netty.channel.ChannelOperationsHandler.channelRead(ChannelOperationsHandler.java:93) ~[reactor-netty-core-1.0.19.jar:1.0.19]
	at io.netty.channel.AbstractChannelHandlerContext.invokeChannelRead(AbstractChannelHandlerContext.java:379) ~[netty-transport-4.1.77.Final.jar:4.1.77.Final]
	at io.netty.channel.AbstractChannelHandlerContext.invokeChannelRead(AbstractChannelHandlerContext.java:365) ~[netty-transport-4.1.77.Final.jar:4.1.77.Final]
	at io.netty.channel.AbstractChannelHandlerContext.fireChannelRead(AbstractChannelHandlerContext.java:357) ~[netty-transport-4.1.77.Final.jar:4.1.77.Final]
	at reactor.netty.http.server.HttpTrafficHandler.channelRead(HttpTrafficHandler.java:222) ~[reactor-netty-http-1.0.19.jar:1.0.19]
	at io.netty.channel.AbstractChannelHandlerContext.invokeChannelRead(AbstractChannelHandlerContext.java:379) ~[netty-transport-4.1.77.Final.jar:4.1.77.Final]
	at io.netty.channel.AbstractChannelHandlerContext.invokeChannelRead(AbstractChannelHandlerContext.java:365) ~[netty-transport-4.1.77.Final.jar:4.1.77.Final]
	at io.netty.channel.AbstractChannelHandlerContext.fireChannelRead(AbstractChannelHandlerContext.java:357) ~[netty-transport-4.1.77.Final.jar:4.1.77.Final]
	at io.netty.channel.CombinedChannelDuplexHandler$DelegatingChannelHandlerContext.fireChannelRead(CombinedChannelDuplexHandler.java:436) ~[netty-transport-4.1.77.Final.jar:4.1.77.Final]
	at io.netty.handler.codec.ByteToMessageDecoder.fireChannelRead(ByteToMessageDecoder.java:327) ~[netty-codec-4.1.77.Final.jar:4.1.77.Final]
	at io.netty.handler.codec.ByteToMessageDecoder.channelRead(ByteToMessageDecoder.java:299) ~[netty-codec-4.1.77.Final.jar:4.1.77.Final]
	at io.netty.channel.CombinedChannelDuplexHandler.channelRead(CombinedChannelDuplexHandler.java:251) ~[netty-transport-4.1.77.Final.jar:4.1.77.Final]
	at io.netty.channel.AbstractChannelHandlerContext.invokeChannelRead(AbstractChannelHandlerContext.java:379) ~[netty-transport-4.1.77.Final.jar:4.1.77.Final]
	at io.netty.channel.AbstractChannelHandlerContext.invokeChannelRead(AbstractChannelHandlerContext.java:365) ~[netty-transport-4.1.77.Final.jar:4.1.77.Final]
	at io.netty.channel.AbstractChannelHandlerContext.fireChannelRead(AbstractChannelHandlerContext.java:357) ~[netty-transport-4.1.77.Final.jar:4.1.77.Final]
	at io.netty.channel.DefaultChannelPipeline$HeadContext.channelRead(DefaultChannelPipeline.java:1410) ~[netty-transport-4.1.77.Final.jar:4.1.77.Final]
	at io.netty.channel.AbstractChannelHandlerContext.invokeChannelRead(AbstractChannelHandlerContext.java:379) ~[netty-transport-4.1.77.Final.jar:4.1.77.Final]
	at io.netty.channel.AbstractChannelHandlerContext.invokeChannelRead(AbstractChannelHandlerContext.java:365) ~[netty-transport-4.1.77.Final.jar:4.1.77.Final]
	at io.netty.channel.DefaultChannelPipeline.fireChannelRead(DefaultChannelPipeline.java:919) ~[netty-transport-4.1.77.Final.jar:4.1.77.Final]
	at io.netty.channel.nio.AbstractNioByteChannel$NioByteUnsafe.read(AbstractNioByteChannel.java:166) ~[netty-transport-4.1.77.Final.jar:4.1.77.Final]
	at io.netty.channel.nio.NioEventLoop.processSelectedKey(NioEventLoop.java:722) ~[netty-transport-4.1.77.Final.jar:4.1.77.Final]
	at io.netty.channel.nio.NioEventLoop.processSelectedKeysOptimized(NioEventLoop.java:658) ~[netty-transport-4.1.77.Final.jar:4.1.77.Final]
	at io.netty.channel.nio.NioEventLoop.processSelectedKeys(NioEventLoop.java:584) ~[netty-transport-4.1.77.Final.jar:4.1.77.Final]
	at io.netty.channel.nio.NioEventLoop.run(NioEventLoop.java:496) ~[netty-transport-4.1.77.Final.jar:4.1.77.Final]
	at io.netty.util.concurrent.SingleThreadEventExecutor$4.run(SingleThreadEventExecutor.java:995) ~[netty-common-4.1.77.Final.jar:4.1.77.Final]
	at io.netty.util.internal.ThreadExecutorMap$2.run(ThreadExecutorMap.java:74) ~[netty-common-4.1.77.Final.jar:4.1.77.Final]
	at io.netty.util.concurrent.FastThreadLocalRunnable.run(FastThreadLocalRunnable.java:30) ~[netty-common-4.1.77.Final.jar:4.1.77.Final]
	at java.lang.Thread.run(Thread.java:750) ~[na:1.8.0_442]
Caused by: java.lang.UnsatisfiedLinkError: failed to load the required native library
	at io.netty.resolver.dns.macos.MacOSDnsServerAddressStreamProvider.ensureAvailability(MacOSDnsServerAddressStreamProvider.java:110) ~[netty-resolver-dns-classes-macos-4.1.77.Final.jar:4.1.77.Final]
	at io.netty.resolver.dns.macos.MacOSDnsServerAddressStreamProvider.<init>(MacOSDnsServerAddressStreamProvider.java:120) ~[netty-resolver-dns-classes-macos-4.1.77.Final.jar:4.1.77.Final]
	... 205 common frames omitted
Caused by: java.lang.UnsatisfiedLinkError: could not load a native library: netty_resolver_dns_native_macos_aarch_64
	at io.netty.util.internal.NativeLibraryLoader.load(NativeLibraryLoader.java:239) ~[netty-common-4.1.77.Final.jar:4.1.77.Final]
	at io.netty.resolver.dns.macos.MacOSDnsServerAddressStreamProvider.loadNativeLibrary(MacOSDnsServerAddressStreamProvider.java:92) ~[netty-resolver-dns-classes-macos-4.1.77.Final.jar:4.1.77.Final]
	at io.netty.resolver.dns.macos.MacOSDnsServerAddressStreamProvider.<clinit>(MacOSDnsServerAddressStreamProvider.java:77) ~[netty-resolver-dns-classes-macos-4.1.77.Final.jar:4.1.77.Final]
	at java.lang.Class.forName0(Native Method) ~[na:1.8.0_442]
	at java.lang.Class.forName(Class.java:348) ~[na:1.8.0_442]
	at io.netty.resolver.dns.DnsServerAddressStreamProviders$1.run(DnsServerAddressStreamProviders.java:50) ~[netty-resolver-dns-4.1.77.Final.jar:4.1.77.Final]
	at java.security.AccessController.doPrivileged(Native Method) ~[na:1.8.0_442]
	at io.netty.resolver.dns.DnsServerAddressStreamProviders.<clinit>(DnsServerAddressStreamProviders.java:46) ~[netty-resolver-dns-4.1.77.Final.jar:4.1.77.Final]
	... 200 common frames omitted
	Suppressed: java.lang.UnsatisfiedLinkError: could not load a native library: netty_resolver_dns_native_macos
		at io.netty.util.internal.NativeLibraryLoader.load(NativeLibraryLoader.java:239) ~[netty-common-4.1.77.Final.jar:4.1.77.Final]
		at io.netty.resolver.dns.macos.MacOSDnsServerAddressStreamProvider.loadNativeLibrary(MacOSDnsServerAddressStreamProvider.java:95) ~[netty-resolver-dns-classes-macos-4.1.77.Final.jar:4.1.77.Final]
		... 206 common frames omitted
	Caused by: java.io.FileNotFoundException: META-INF/native/libnetty_resolver_dns_native_macos.jnilib
		at io.netty.util.internal.NativeLibraryLoader.load(NativeLibraryLoader.java:181)
		... 207 common frames omitted
		Suppressed: java.lang.UnsatisfiedLinkError: no netty_resolver_dns_native_macos in java.library.path
			at java.lang.ClassLoader.loadLibrary(ClassLoader.java:1860)
			at java.lang.Runtime.loadLibrary0(Runtime.java:843)
			at java.lang.System.loadLibrary(System.java:1136)
			at io.netty.util.internal.NativeLibraryUtil.loadLibrary(NativeLibraryUtil.java:38)
			at io.netty.util.internal.NativeLibraryLoader.loadLibrary(NativeLibraryLoader.java:391)
			at io.netty.util.internal.NativeLibraryLoader.load(NativeLibraryLoader.java:161)
			... 207 common frames omitted
			Suppressed: java.lang.UnsatisfiedLinkError: no netty_resolver_dns_native_macos in java.library.path
				at java.lang.ClassLoader.loadLibrary(ClassLoader.java:1860)
				at java.lang.Runtime.loadLibrary0(Runtime.java:843)
				at java.lang.System.loadLibrary(System.java:1136)
				at io.netty.util.internal.NativeLibraryUtil.loadLibrary(NativeLibraryUtil.java:38)
				at sun.reflect.NativeMethodAccessorImpl.invoke0(Native Method)
				at sun.reflect.NativeMethodAccessorImpl.invoke(NativeMethodAccessorImpl.java:62)
				at sun.reflect.DelegatingMethodAccessorImpl.invoke(DelegatingMethodAccessorImpl.java:43)
				at java.lang.reflect.Method.invoke(Method.java:498)
				at io.netty.util.internal.NativeLibraryLoader$1.run(NativeLibraryLoader.java:425)
				at java.security.AccessController.doPrivileged(Native Method)
				at io.netty.util.internal.NativeLibraryLoader.loadLibraryByHelper(NativeLibraryLoader.java:417)
				at io.netty.util.internal.NativeLibraryLoader.loadLibrary(NativeLibraryLoader.java:383)
				... 208 common frames omitted
Caused by: java.io.FileNotFoundException: META-INF/native/libnetty_resolver_dns_native_macos_aarch_64.jnilib
	at io.netty.util.internal.NativeLibraryLoader.load(NativeLibraryLoader.java:181) ~[netty-common-4.1.77.Final.jar:4.1.77.Final]
	... 207 common frames omitted
	Suppressed: java.lang.UnsatisfiedLinkError: no netty_resolver_dns_native_macos_aarch_64 in java.library.path
		at java.lang.ClassLoader.loadLibrary(ClassLoader.java:1860) ~[na:1.8.0_442]
		at java.lang.Runtime.loadLibrary0(Runtime.java:843) ~[na:1.8.0_442]
		at java.lang.System.loadLibrary(System.java:1136) ~[na:1.8.0_442]
		at io.netty.util.internal.NativeLibraryUtil.loadLibrary(NativeLibraryUtil.java:38) ~[netty-common-4.1.77.Final.jar:4.1.77.Final]
		at io.netty.util.internal.NativeLibraryLoader.loadLibrary(NativeLibraryLoader.java:391) ~[netty-common-4.1.77.Final.jar:4.1.77.Final]
		at io.netty.util.internal.NativeLibraryLoader.load(NativeLibraryLoader.java:161) ~[netty-common-4.1.77.Final.jar:4.1.77.Final]
		... 207 common frames omitted
		Suppressed: java.lang.UnsatisfiedLinkError: no netty_resolver_dns_native_macos_aarch_64 in java.library.path
			at java.lang.ClassLoader.loadLibrary(ClassLoader.java:1860)
			at java.lang.Runtime.loadLibrary0(Runtime.java:843)
			at java.lang.System.loadLibrary(System.java:1136)
			at io.netty.util.internal.NativeLibraryUtil.loadLibrary(NativeLibraryUtil.java:38)
			at sun.reflect.NativeMethodAccessorImpl.invoke0(Native Method)
			at sun.reflect.NativeMethodAccessorImpl.invoke(NativeMethodAccessorImpl.java:62)
			at sun.reflect.DelegatingMethodAccessorImpl.invoke(DelegatingMethodAccessorImpl.java:43)
			at java.lang.reflect.Method.invoke(Method.java:498)
			at io.netty.util.internal.NativeLibraryLoader$1.run(NativeLibraryLoader.java:425)
			at java.security.AccessController.doPrivileged(Native Method)
			at io.netty.util.internal.NativeLibraryLoader.loadLibraryByHelper(NativeLibraryLoader.java:417)
			at io.netty.util.internal.NativeLibraryLoader.loadLibrary(NativeLibraryLoader.java:383)
			... 208 common frames omitted

2025-04-05 15:21:26.854 - INFO 54685 --- [ctor-http-nio-2] c.e.gateway.filter.GlobalLogFilter       : [Gateway] <<< Response[f00b023d-6eb8-4354-94a9-c7a9167f298a] end: status=200 OK from /provider/api/hello cost 129ms at 2025-04-05 15:21:26.854
-2025-04-05 15:21:26.855 -DEBUG 54685 --- [ctor-http-nio-2] c.e.gateway.filter.GlobalLogFilter       : [Gateway] <<< Response[f00b023d-6eb8-4354-94a9-c7a9167f298a] headers: [Vary:"Origin", "Access-Control-Request-Method", "Access-Control-Request-Headers", Content-Type:"text/plain;charset=UTF-8", Date:"Sat, 05 Apr 2025 07:21:26 GMT", content-length:"19"]
-2025-04-05 15:21:58.446 - INFO 54685 --- [ctor-http-nio-3] c.e.gateway.filter.GlobalLogFilter       : [Gateway] >>> Request[eb32acf0-647a-454c-bddd-37fa76a07a0d] start: GET /provider/api/hello from 127.0.0.1 at 2025-04-05 15:21:58.446
-2025-04-05 15:21:58.447 -DEBUG 54685 --- [ctor-http-nio-3] c.e.gateway.filter.GlobalLogFilter       : [Gateway] >>> Request[eb32acf0-647a-454c-bddd-37fa76a07a0d] headers: [Accept-Encoding:"gzip, x-gzip, deflate, br", Host:"localhost:8088", Connection:"keep-alive", User-Agent:"Apache-HttpClient/5.3.1 (Java/17.0.12)"]
-2025-04-05 15:21:58.447 -DEBUG 54685 --- [ctor-http-nio-3] c.e.gateway.filter.GlobalLogFilter       : [Gateway] >>> Request[eb32acf0-647a-454c-bddd-37fa76a07a0d] params: {}
-2025-04-05 15:21:58.497 - INFO 54685 --- [ctor-http-nio-3] c.e.gateway.filter.GlobalLogFilter       : [Gateway] <<< Response[eb32acf0-647a-454c-bddd-37fa76a07a0d] end: status=200 OK from /provider/api/hello cost 49ms at 2025-04-05 15:21:58.496
-2025-04-05 15:21:58.497 -DEBUG 54685 --- [ctor-http-nio-3] c.e.gateway.filter.GlobalLogFilter       : [Gateway] <<< Response[eb32acf0-647a-454c-bddd-37fa76a07a0d] headers: [Vary:"Origin", "Access-Control-Request-Method", "Access-Control-Request-Headers", Content-Type:"text/plain;charset=UTF-8", Date:"Sat, 05 Apr 2025 07:21:58 GMT", content-length:"19"]
-2025-04-05 15:23:50.555 - INFO 54685 --- [ionShutdownHook] o.s.c.n.e.s.EurekaServiceRegistry        : Unregistering application API-GATEWAY with eureka with status DOWN
-2025-04-05 15:23:50.555 - INFO 54685 --- [ionShutdownHook] com.netflix.discovery.DiscoveryClient    : Saw local status change event StatusChangeEvent [timestamp=1743837830555, current=DOWN, previous=UP]
-2025-04-05 15:23:50.556 - INFO 54685 --- [nfoReplicator-0] com.netflix.discovery.DiscoveryClient    : Saw local status change event StatusChangeEvent [timestamp=1743837830556, current=UP, previous=DOWN]
-2025-04-05 15:23:50.556 - INFO 54685 --- [nfoReplicator-0] com.netflix.discovery.DiscoveryClient    : DiscoveryClient_API-GATEWAY/192.168.0.102:8088: registering service...
-2025-04-05 15:23:50.558 - INFO 54685 --- [nfoReplicator-0] com.netflix.discovery.DiscoveryClient    : DiscoveryClient_API-GATEWAY/192.168.0.102:8088 - registration status: 204
-2025-04-05 15:23:52.659 - INFO 54685 --- [ionShutdownHook] com.netflix.discovery.DiscoveryClient    : Shutting down DiscoveryClient ...
-2025-04-05 15:23:55.669 - WARN 54685 --- [scoveryClient-1] c.netflix.discovery.TimedSupervisorTask  : task supervisor shutting down, can't accept the task
-2025-04-05 15:23:55.671 - INFO 54685 --- [ionShutdownHook] com.netflix.discovery.DiscoveryClient    : Unregistering ...
-2025-04-05 15:23:55.674 - INFO 54685 --- [ionShutdownHook] com.netflix.discovery.DiscoveryClient    : DiscoveryClient_API-GATEWAY/192.168.0.102:8088 - deregister  status: 200
-2025-04-05 15:23:55.681 - INFO 54685 --- [ionShutdownHook] com.netflix.discovery.DiscoveryClient    : Completed shut down of DiscoveryClient
-